P5E40B5CB,Ṛgveda-Saṃhitā
P919205C3,Ṛgvedasaṃhitā, Padapāṭha
PC574D9C4,Ṛgvedakhilāni
P543D5346,Paippalāda-Saṃhitā
P7E04AFAF,Sāmavedasaṃhitā
P6F668378,Brahmabindūpaniṣad
P505A4254,Garbhopaniṣad
P3C93E5C0,Kaivalyopaniṣad
PE44AA7DA,Nādabindūpaniṣad
PC9A51185,Śira-upaniṣad (= Atharvaśira-upanisad)
PFA11099F,Āśvalāyanaśrautasūtra
PD83FF0BE,Śāṅkhāyanaśrautasūtra
P1FD19E88,Vaitānaśrautasūtra (= Vaitānasūtra)
P3F4A48A7,Āpastambaśulbasūtra with the commentaries of Kapardin, Karavinda and Sundararāja
P5A8B849B,Āpastambagṛhyasūtra with Haradatta's Anākulāvṛtti and Sudarśana's Gṛhyatātparyadarśanavyākhyā
PFE458055,Āśvalāyanagṛhyasūtra
PB16E9B8F,Jaiminīyagṛhyasūtra
P9B48B912,Kauśikasūtra
PEB0A4E44,Kauśikapaddhati
P12498A7C,Kauthumagṛhyasūtra
PC053E1C1,Mānavagṛhyasūtra (= Maitrāyaṇīyamānavagṛhyasūtra)
P6D8B16BF,Śāṅkhāyanagṛhyasūtra
PE820E243,Vārāhagṛhyasūtra
P9391FE07,Atharvaprāyaścittāni
PB6598976,Atharvavedapariśiṣṭas
P3B0E77E7,Dantyoṣṭhavidhi
P21DCC9C3,Nirukta
P2B22B15E,Ṛgvidhāna
PFF833FC9,Bhagavadgītā-4comm with the commentaries of Śrīdhara, Madhusūdana, Viśvanātha and Baladeva
P3BEDB9D7,Nārāyaṇīya (Mahābhārata 12.321-339)
P8F886A6F,Harivaṃśa constituted text with star passages
P56BB02BD,Sarvamatasaṃgraha
P268639F2,Mīmāṃsāsūtra
P4A83E880,Mīmāṃsaślokavārttika with Sucaritamiśra's Kāśikā
PD593D9D9,Jaiminīyanyāyamālāvistara a metrical exposition of Jaimini's Mīmāṃsāsūtra, with Mādhava's prose commentary
P54060B52,Śāstradīpikā (Jaimini's Mīmāṃsāsūtra 1,1.1-23)
P8A006550,Mīmāṃsāsūtra 1-7 with Śabara's Bhāṣya
P9B6ABD34,Prakaraṇapañcikā with Nārāyaṇabhaṭṭa's Nyāyasiddhi
P0C8BC7F5,Mīmāṃsāślokavārttika
P2A8242B6,Paramārthasāra
P737A7D33,Brahmasūtra
P883745B2,Brahmasūtra text extracted from Śaṃkara's Śārīrakamīmāṃsābhāṣya
PEFEE4F4E,Brahmasūtra with Śaṃkara's Śārīrakamīmāṃsābhāṣya
P3C8D7FF0,Brahmasūtra with Govindānanda's Ratnaprabhāvyākhyā, a subcommentary on Śaṃkara's Śārīrakamīmāṃsābhāṣya
PBB7FC687,Brahmasūtra2 with Śaṃkara's Śārīrakamīmāṃsābhāṣya and Govindānanda's Ratnaprabhāvyākhyā (subcommentary)
PB43476E9,Brahmasūtra2 with Vācaspati's Bhāmatī (a subcommentary on Śaṃkara's Śārīrakamīmāṃsābhāṣya)
PEE7B1EA2,Bhagavadāśayānusaraṇabhāsya
P11C3512C,Āgamaśāstra (= Gauḍapādakārikā, Gauḍapādīyakārikā, a verse commentary on the Māṇḍūkya-Upaniṣad)
PAD3F7994,Siddhāntabindu
P118AE749,Brahmasiddhi
PCD50C215,Vibhramaviveka
PF26B8144,Bodhasāra
PB7C7BA54,Upadeśasāhasrī
PA1DBB43F,Bhagavadgītā with the commentary ascribed to Śaṃkara (Adhyāyas 1-17)
P93337852,Kaṭhopaniṣadbhāṣya
P8597BC05,Vivekacuḍāmaṇi
P1EA8FDDF,Bhāmati a commentary on Śaṃkara's Brahmasūtrabhāṣya
PAFA211D9,Nyāyasudhā a subcommentary on Mādhva's Anuvyākhāna, a commentary on Bādarāyaṇa's Brahmasūtra, integrated version
PBE95A459,Anuvyākhyāna a Dvaita verse commentary on Bādarāyaṇa's Brahmasūtra
P3967717C,Mahābhāratatātparyanirṇaya
PAAAAC2DB,Bhagavadgītābhāṣya
PF39A2BB6,Vedārthasaṃgraha
P83B4562F,Gītārthasaṃgraha
P29C3D39F,Īśvarasiddhi
P48BD8BE9,Saṃvitsiddhi
PBFB7DBB4,Saṃvitsiddhi
P3094A6BE,Ātmasiddhi
P4EAF822A,Mokṣopāya
P95E38782,Tattvayāthārthyadīpana a commentary on the Tattvasamāsa, an abstract of Sāṃkhya philosophy in (23-) 25 sūtras.
P19D13FC9,Sāṃkhyakārikā
P3233FC32,Sāṃkhyakārikā
PFA2F5DE0,Sāṃkhyakārikā with Gauḍapāda's Bhāṣya
P01118D5D,Sāṃkhyakārikā with Māṭhara's commentary Māṭharavṛtti
PA3F7DD94,Sāṃkhyakārikā with Śaṃkara's Jayamaṅgalā commentary
PD96BD644,Yuktidīpikā a commentary on Īśvarakṛṣṇa's Sāṃkhyakārikā
PD6ECDD50,Sāṃkhyasūtra including the Tattvasamāsa, an abstract of Sāṃkhya philosophy (appended at the end)
PBF3BBED0,Sāṃkhyatattvapradīpa
P245C1991,Sāṃkhyatattvapradīpikā a short exposition of Sāṃkhya philosophy following the system of Vijñānabhikṣu.
PE0063110,Sāṃkhyaparibhāṣā
P38CD901E,Sāṃkhyasūtravivaraṇa a commentary on the Tattvasamāsa, an abstract of Sāṃkhya philosophy in (23-) 25 sūtras.
P9BC3499B,Sarvopakāriṇī a commentary on the Tattvasamāsa, an abstract of Sāṃkhya philosophy in 22 (-25) sūtras.
P98A15D11,Sāṃkhyatattvavivecana a commentary on the Tattvasamāsa, an abstract of Sāṃkhya philosophy in (23-) 25 sūtras.
P12BB41B0,Tattvamīmāṃsā
PEB3A60AB,Tattvasamāsa-4versions an abstract of Sāṃkhya philosophy in (23-) 25 sūtras,
PF350C398,Tattvasamāsasūtravṛtti or Kramadīpikā (cf. final verse), a commentary on the Tattvasamāsa, an abstract of Sāṃkhya philosophy in (23-) 25 sūtras.
P48788223,Sāṃkhyasāra
P443C4941,Gheraṇḍasaṃhitā
P4740C20C,Yogasūtra
PA5A057A4,Yogasūtra
PF3F14536,Yogasūtra with Bhāṣya (= Pātañjalayogaśāstra)
PA02DDFEC,Yogasūtra with Bhāṣya
P0530C17C,Haṭhayogapradīpikā
PA97C19DD,Tarkasaṃgraha
P8FFDF854,Tarkasaṃgraha with autoentary (Dīpikā), Nīlakaṇṭha's Dīpikāprakāśikā and Bālapriyā
P2404C8E6,Tattvacintāmaṇi, Śabdakhāṇḍa from Śabdaprāmāṇyavāda to Jātiśaktivāda (incomplete)
PE5E94F4E,Nyāyasūtra
PD2044206,Nyāyasūtra with Vacaspatimiśra's Nyāyavārttikatātparyaṭīkā
PAA4BC8B9,Nyāyasūtra with Vātsyāyana's Nyāyabhāṣya
P27508203,Nyāyasūtra with Vātsyāyana's Nyāyabhāṣya
PC0F7CA8C,Nyāyāvatāra with the Nyāyāvatāravivṛti commentary by Siddharṣigaṇin
PB8E4A6BB,Nyāyakusumāñjali
P8B9BF7E5,Nyāyavārttikatātparyapariśuddhi 1
P1A143048,Nyāyapariśuddhi, Bhūmikā, 1, 3-5
PB9AD9E4B,Tarkatāṇḍava with Rāghavendratīrtha's Nyāyadīpa
P00692AA4,Vaiśeṣikasūtra
PBDE7517D,Vaiśeṣikasūtra
P47F999B1,Pādārthadharmasaṃgraha commentary on Kaṇāda's Vaiśeṣikasūtra
P13D881CD,Mānamanohara
PEADC4FB5,Anuttarāṣṭikā
PABDFBBD9,Bhairavastava
P73747A8D,Bodhapañcadaśikā
PDCFC45DD,Īśvarapratyabhijñāvimarśinī
P34B9789A,Kramastotra
P5022C2DA,Mālinīślokavārttika
PCC00FCAC,Paramārthasāra
P5BB19136,Paramārthasāra with Yogarāja's Paramārthasārasaṃgrahavivṛti commentary
PA5BA4C7E,Paryantapañcāśikā
P922AC347,Tantrāloka
P177A2351,Tantrasāra
P324E04AF,Anuttaraprakāśapañcāśikā
PCDC55C45,Bhagavadbhaktistotra
P56FDE9D5,Gaṇakārikā 1
PA58DAD14,Svabodhasiddhi
PBACA2F72,Pratyabhijñāhṛdaya
P92B9DB53,Bodhavilāsa
P27F36406,Bhairavānukaraṇastotra
P6A5886C0,Parātriṃśikā
P0FC541F0,Parātriṃśikā with Abhinavagupta's Parātriṃśikāvivaraṇa (lacks the Apabhramsa passages)
PAE9B1A93,Timirodghāṭana plus short Nirvāṇakārikā at the end
PF632953B,Ajaḍapramātṛsiddhi
P7F11CC9A,Īśvarapratyabhijñākārikā with Vṛtti
PF085E99C,Janmamaraṇavicāra
P4454CC46,Dvayasaṃpattivārttika
P5614F5AB,Svabodhodayamañjarī
P94B0FEE8,Spandakārikā with the commentary by Kṣemarāja
P67F8EF5A,Spandakārikā
P22F13DBA,Vātūlanāthasūtra with the Vṛtti of Anantaśaktipāda
P50D75D84,Vijñānabhairava
PF88FBAEE,Abhidharmasamuccayabhāṣya
P2EE03CD4,Abhisamayālaṃkāra
PC5DEE364,Abhisamayālaṃkāravivaraṇa
PF91999D2,Abhisamayālaṃkāravṛttiḥ sphuṭārthā
P504CC97C,Ālambanaparīkṣā
PB7271BD1,Ālambanaparīkṣā with Ālambanaparīkṣāvṛtti
P5570048D,Antarvyāptisamarthana
P91060FF0,Hetubinduṭīkā (commentary on Dharmakīrti's Hetubindu)
PF6119D65,Hetubinduṭīkā
P92EE0406,Caryāmelāvaṇapradīpa
PF11BB1A4,Catuḥśatikā
P6D343531,Cittaviśuddhiprakaraṇa
P76772A64,Pāramitāsamāsa
P200C1848,Abhidharmasamuccaya
P7A4D9CA4,Gurupañcāśikā
P4ED491D1,Vajrasūcī
P462C7195,Bhikṣukarmavākya
PFBACB7E0,Bodhipathapradīpa
PE0CFDAE4,Bodhisattvabhūmi
PB0164B5E,Prasannapada
P737DC500,Bodhisattvayogācāracatuḥśatakaṭīkā
P83B58385,Hetubindu
PBC16A862,Nyāyabindu
PE6C8C44B,Nyāyabinduprakaraṇa with Vinītadeva's Nyāyabinduvistaraṭīkā (Śiṣyahita) and Dharmottara's Nyāyabinduṭīkā
P4C58E54A,Pramāṇavārttikakārikā (without the svārthānumāna-chapter)
PD3BC130B,Pramāṇavārttisvavṛtti
P4985A6B4,Pramāṇaviniścaya-fragment
PACD6FBD3,Subandhaparīkṣā 1-25
P664E94CB,Saṃtānāntarasiddhi
PE002FA9B,Vādanyāya
PFD34740D,Dharmasamuccaya
P81B01155,Prajñāpāramitāpiṇḍārtha
P9E287819,Yogāvatāra
P70B2D2AC,Āpattideśanāvidhi
P3273D4A3,Bodhisattvādikarmikamārgāvatāradeśanā
P8FAE6C0C,Caryāsaṃgrahapradīpa
PA16C5351,Cittotpādasaṃvaravidhikrama
PEEEA3B37,Daśākuśalakarmapathadeśanā
P2ECE44A1,Gurukriyākrama
PADE52852,Mahāyānapathasādhanasaṃgraha
P5C9ED611,Samādhisaṃbhāraparivarta
PEEE067C3,Śaraṇagamanadeśanā
P0DC44B01,Satyadvayāvatāranāma
PCA9F619F,Sūtrārthasamuccayopadeśa
PE8547E02,Dharmottarapradīpa subcommentary on Dharmottara's Nyāyabinduṭīkā on Dharmakīrti's Nyāyabindu
P3B3631B7,Hetubinduṭīkāloka (subcommentary on Arcaṭa's Hetubinduṭīkā on Dharmakīrti's Hetubindu)
P4D9036A8,Garbhasaṃgrahaḥ
PA75E7DD5,Nyāyapraveśapravṛtti
PFE84A2FF,Satyasiddhiśāstram
P0E5C8887,Hastavālaprakaraṇavṛtti
PBBBE4B55,Hetutattvopadeśa
PB45C75B4,Hetutattvopadeśa
P79437985,Bhāvanākrama
P38FD6E20,Madhyamakāloka
PCF2F5F50,Madhyamakāvatāra 1-5
P9808EA80,Mahāyānasūtrālaṃkāra
P0D12A205,Bhavasaṃkrāntiṭīkā
PABC8F761,Madhyāntavibhāgakārikā
PD8A5808E,Acintyastava
P71783916,Bhavasaṅkrāntiparikathā (reconstructed text)
P40874087,Bodhicittavivaraṇa-fragments
PBE0C17D0,Dharmadhātugarbhavivaraṇa
P7545482F,Dharmasaṃgraha
PD3B208ED,Kriyāsaṃgrahakārikā
P9773819C,Lokātītastava
P964F06E4,Madhyamakaśāstra
P670D4201,Mahāyānaviṃśikā
P00AD3515,Mūlamadhyamakakārikā
PB9EBF55B,Pañcakrama
PB094143D,Piṇḍīkrama (transmitted as the first krama of Nāgārjuna's Pañcakrama)
P63E9BC26,Pratītyasamutpādahṛdayakārikā
PF0542CFB,Pratītyasamutpādahṛdayavyākhyāna
PCDB1A44C,Ratnāvalī
P194C5EFC,Śālistambakakārikā
PA9697710,Śālistambakamahāyānasūtraṭīkā
PBC6A4CB6,Suhṛllekha
P25D88E28,Śūnyatāsaptati
P5CE8E219,Vigrahavyāvartanī
P98A58F6F,Vigrahavyāvartanīkārikā
PF99896BF,Vigrahavyāvartanī
PA7F78855,Yuktiṣaṣṭikakārikā-fragments
PA12F91D6,Yuktiṣaṣṭikakārikā Sanskrit reconstruction
PF883F7C9,Sekoddeśa
PA54E8D15,Avayavinirākaraṇa
PA2A088A8,Sāmānyadūṣaṇadikprasāritā
P446F0F53,Bodhicaryāvatārapañjikā
PB59065EA,Pramāṇavārttika
P4393139B,Ratnagotravibhāga
P1A1A407F,Apohasiddhi
PE9E096E9,Kṣaṇabhaṅgasiddhi
PBBA685D6,Kṣaṇabhaṅgasiddhi vyatirekātmikā
PBB50F23D,Kṣaṇabhaṅgasiddhi vyatirekātmikā
P938923DC,Nibandhāvalī
P439CE0DC,Vādarahasya also known as Udayananirākaraṇa
P32137138,Pramāṇavārttikaṭīkā
P1FA47438,Tattvasaṃgraha
PF0E2ADC8,Bodhicaryāvatāra
PB997E889,Bodhicaryāvatāra
PA0C4B2C3,Śikṣāsamuccaya
P0DE04D99,Śikṣāsamuccayakārikā
P76FD704F,Tattvajñānasaṃsiddhi
P8DF835E8,Tarkabhāṣā
P0ECE60D7,Tarkarahasya
PA99912AF,Pratyakṣalakṣaṇa of the Tarkarahasya
PC6E46EBB,Tarkaśāstra (reconstructed text)
PD56B5DA5,Tattvaratnāvaloka
P56C4344A,Upāyahṛdaya (reconstructed text)
P592AAF78,Śatagāthā
P46FA5001,Abhidharmakośabhāṣya
P954ECCAF,Abhidharmakośa
P5A4C6D6A,Bodhicittotpādasūtraśāstra
PB4A49AD3,Madhyāntavibhāgakārikābhāṣya a commentary on the Madhyāntavibhāgakārikās attributed to Maitreyanātha
P94F67639,Pañcaskandhaprakaraṇa
P3AA43AE4,Triṃśikāvijñaptikārikā
P90C4A964,Triṃśikāvijñaptikārikā with Sthiramati's Triṃśikāvijñaptibhāṣya
P9B8C4112,Trisvabhāvanirdeśa
PA444E331,Viṃśatikā vijñaptimātratāsiddhi
P6F41A143,Tarkasopāna
P2C4DE236,Abhidharmadīpa with auto(?)entary Vibhāṣāprabhāvṛtti
PB14494EF,Abhidharmadīpa
P0EB5A807,Abhidharmadīpa 1-383
P8532EDAE,Viṃśatikākārikā
P4ACBC4FC,Viṃśikāvṛtti
P4995A98E,Saṃtānāntarasiddhiṭīkā
PD4672EBE,Sphuṭārthā abhidharmakośavyākhyā
PBF29AA99,Tattvopaplavasiṃha
P6C869751,Āptamīmāṃsā
P4FC86137,Āpastambadharmasūtra
P1CEE1431,Baudhāyanadharmasūtra
P324F5A75,Dharmasūtra
P92AD2144,Dharmasūtra, 1-3 with Maskari's commentary Gautamasmṛtibhāṣya
P7204FDC4,Vaikhānasadharmasūtra
P866560BF,Vāsiṣṭhadharmasūtra
P723C293B,Āṅgirasasmṛti
PD271C155,Bṛhaspatismṛti (vyavahārakaṇḍa)
P05D44F31,Manusmṛti
P542155E2,Nāradasmṛti
P7EC44E70,Parāśaradharmasaṃhitā (= Parāśarasmṛti)
P9A3F11A5,Viṣṇusmṛti
PE3142132,Yājñavalkyasmṛti
PF25D6E88,Yamasmṛti (78-verse version)
PF726C391,Mitākṣarā, a commentary on the Yājñavalkya-dharmaśāstra
